<?xml version="1.0" encoding="UTF-8"?>
<!-- Generated by org.testng.reporters.JUnitReportReporter -->
<testsuite skipped="0" hostname="LAPTOP-LJILQEDE" name="Practice.PracticeSBA.MainTest" tests="1" failures="0" timestamp="06 Nov 2019 18:03:11 GMT" time="47.603" errors="0">
  <testcase name="TestRun" time="47.603" classname="Practice.PracticeSBA.MainTest"/>
</testsuite> <!-- Practice.PracticeSBA.MainTest -->
